[0518/202705.642:ERROR:process_reader_win.cc(123)] NtOpenThread: {Access Denied} A process has requested access to an object, but has not been granted those access rights. (0xc0000022)
[0518/202706.229:ERROR:exception_snapshot_win.cc(88)] thread ID 17744 not found in process
[0518/202706.229:ERROR:scoped_process_suspend.cc(40)] NtResumeProcess: An attempt was made to access an exiting process. (0xc000010a)
[0525/124529.308:ERROR:process_reader_win.cc(242)] ReadMemory at 0x7ff6c5a50000 of 64 bytes failed: Only part of a ReadProcessMemory or WriteProcessMemory request was completed. (0x12B)
[0525/124530.183:WARNING:pe_image_reader.cc(302)] could not read dos header from C:\Program Files (x86)\Google\Chrome\Application\chrome.exe
[0525/124530.198:ERROR:process_reader_win.cc(242)] ReadMemory at 0x7ffa0a760000 of 64 bytes failed: Only part of a ReadProcessMemory or WriteProcessMemory request was completed. (0x12B)
[0525/124530.198:WARNING:pe_image_reader.cc(302)] could not read dos header from C:\WINDOWS\SYSTEM32\ntdll.dll
[0525/124530.198:ERROR:process_reader_win.cc(242)] ReadMemory at 0x7ffa080f0000 of 64 bytes failed: Only part of a ReadProcessMemory or WriteProcessMemory request was completed. (0x12B)
[0525/124530.198:WARNING:pe_image_reader.cc(302)] could not read dos header from C:\WINDOWS\System32\KERNEL32.DLL
[0525/124530.198:ERROR:process_reader_win.cc(242)] ReadMemory at 0x7ffa07810000 of 64 bytes failed: Only part of a ReadProcessMemory or WriteProcessMemory request was completed. (0x12B)
[0525/124530.198:WARNING:pe_image_reader.cc(302)] could not read dos header from C:\WINDOWS\System32\KERNELBASE.dll
[0525/124530.198:ERROR:process_reader_win.cc(242)] ReadMemory at 0x7ffa053a0000 of 64 bytes failed: Only part of a ReadProcessMemory or WriteProcessMemory request was completed. (0x12B)
[0525/124530.198:WARNING:pe_image_reader.cc(302)] could not read dos header from C:\WINDOWS\SYSTEM32\apphelp.dll
[0525/124530.198:ERROR:process_reader_win.cc(242)] ReadMemory at 0x7ffa08850000 of 64 bytes failed: Only part of a ReadProcessMemory or WriteProcessMemory request was completed. (0x12B)
[0525/124530.198:WARNING:pe_image_reader.cc(302)] could not read dos header from C:\WINDOWS\System32\ADVAPI32.dll
[0525/124530.198:ERROR:process_reader_win.cc(242)] ReadMemory at 0x7ffa08a50000 of 64 bytes failed: Only part of a ReadProcessMemory or WriteProcessMemory request was completed. (0x12B)
[0525/124530.198:WARNING:pe_image_reader.cc(302)] could not read dos header from C:\WINDOWS\System32\msvcrt.dll
[0525/124530.198:ERROR:process_reader_win.cc(242)] ReadMemory at 0x7ffa08af0000 of 64 bytes failed: Only part of a ReadProcessMemory or WriteProcessMemory request was completed. (0x12B)
[0525/124530.198:WARNING:pe_image_reader.cc(302)] could not read dos header from C:\WINDOWS\System32\sechost.dll
[0525/124530.198:ERROR:process_reader_win.cc(242)] ReadMemory at 0x7ffa0a3a0000 of 64 bytes failed: Only part of a ReadProcessMemory or WriteProcessMemory request was completed. (0x12B)
[0525/124530.198:WARNING:pe_image_reader.cc(302)] could not read dos header from C:\WINDOWS\System32\RPCRT4.dll
[0525/124530.198:ERROR:process_reader_win.cc(242)] ReadMemory at 0x7ffa0a250000 of 64 bytes failed: Only part of a ReadProcessMemory or WriteProcessMemory request was completed. (0x12B)
[0525/124530.198:WARNING:pe_image_reader.cc(302)] could not read dos header from C:\WINDOWS\System32\PSAPI.DLL
[0525/124530.198:ERROR:process_reader_win.cc(242)] ReadMemory at 0x7ffa08b50000 of 64 bytes failed: Only part of a ReadProcessMemory or WriteProcessMemory request was completed. (0x12B)
[0525/124530.198:WARNING:pe_image_reader.cc(302)] could not read dos header from C:\WINDOWS\System32\SHELL32.dll
[0525/124530.198:ERROR:process_reader_win.cc(242)] ReadMemory at 0x7ffa07ae0000 of 64 bytes failed: Only part of a ReadProcessMemory or WriteProcessMemory request was completed. (0x12B)
[0525/124530.198:WARNING:pe_image_reader.cc(302)] could not read dos header from C:\WINDOWS\System32\cfgmgr32.dll
[0525/124530.198:ERROR:process_reader_win.cc(242)] ReadMemory at 0x7ffa07b30000 of 64 bytes failed: Only part of a ReadProcessMemory or WriteProcessMemory request was completed. (0x12B)
[0525/124530.198:WARNING:pe_image_reader.cc(302)] could not read dos header from C:\WINDOWS\System32\ucrtbase.dll
[0525/124530.198:ERROR:process_reader_win.cc(242)] ReadMemory at 0x7ffa0a030000 of 64 bytes failed: Only part of a ReadProcessMemory or WriteProcessMemory request was completed. (0x12B)
[0525/124530.198:WARNING:pe_image_reader.cc(302)] could not read dos header from C:\WINDOWS\System32\shcore.dll
[0525/124530.198:ERROR:process_reader_win.cc(242)] ReadMemory at 0x7ffa08290000 of 64 bytes failed: Only part of a ReadProcessMemory or WriteProcessMemory request was completed. (0x12B)
[0525/124530.198:WARNING:pe_image_reader.cc(302)] could not read dos header from C:\WINDOWS\System32\combase.dll
[0525/124530.198:ERROR:process_reader_win.cc(242)] ReadMemory at 0x7ffa06b60000 of 64 bytes failed: Only part of a ReadProcessMemory or WriteProcessMemory request was completed. (0x12B)
[0525/124530.198:WARNING:pe_image_reader.cc(302)] could not read dos header from C:\WINDOWS\System32\bcryptPrimitives.dll
[0525/124530.198:ERROR:process_reader_win.cc(242)] ReadMemory at 0x7ffa070a0000 of 64 bytes failed: Only part of a ReadProcessMemory or WriteProcessMemory request was completed. (0x12B)
[0525/124530.198:WARNING:pe_image_reader.cc(302)] could not read dos header from C:\WINDOWS\System32\windows.storage.dll
[0525/124530.198:ERROR:process_reader_win.cc(242)] ReadMemory at 0x7ffa08230000 of 64 bytes failed: Only part of a ReadProcessMemory or WriteProcessMemory request was completed. (0x12B)
[0525/124530.198:WARNING:pe_image_reader.cc(302)] could not read dos header from C:\WINDOWS\System32\shlwapi.dll
[0525/124530.198:ERROR:process_reader_win.cc(242)] ReadMemory at 0x7ffa085b0000 of 64 bytes failed: Only part of a ReadProcessMemory or WriteProcessMemory request was completed. (0x12B)
[0525/124530.198:WARNING:pe_image_reader.cc(302)] could not read dos header from C:\WINDOWS\System32\GDI32.dll
[0525/124530.198:ERROR:process_reader_win.cc(242)] ReadMemory at 0x7ffa06e50000 of 64 bytes failed: Only part of a ReadProcessMemory or WriteProcessMemory request was completed. (0x12B)
[0525/124530.198:WARNING:pe_image_reader.cc(302)] could not read dos header from C:\WINDOWS\System32\gdi32full.dll
[0525/124530.198:ERROR:process_reader_win.cc(242)] ReadMemory at 0x7ffa06db0000 of 64 bytes failed: Only part of a ReadProcessMemory or WriteProcessMemory request was completed. (0x12B)
[0525/124530.198:WARNING:pe_image_reader.cc(302)] could not read dos header from C:\WINDOWS\System32\msvcp_win.dll
[0525/124530.199:ERROR:process_reader_win.cc(242)] ReadMemory at 0x7ffa0a4c0000 of 64 bytes failed: Only part of a ReadProcessMemory or WriteProcessMemory request was completed. (0x12B)
[0525/124530.199:WARNING:pe_image_reader.cc(302)] could not read dos header from C:\WINDOWS\System32\USER32.dll
[0525/124530.199:ERROR:process_reader_win.cc(242)] ReadMemory at 0x7ffa077f0000 of 64 bytes failed: Only part of a ReadProcessMemory or WriteProcessMemory request was completed. (0x12B)
[0525/124530.199:WARNING:pe_image_reader.cc(302)] could not read dos header from C:\WINDOWS\System32\win32u.dll
[0525/124530.199:ERROR:process_reader_win.cc(242)] ReadMemory at 0x7ffa06b20000 of 64 bytes failed: Only part of a ReadProcessMemory or WriteProcessMemory request was completed. (0x12B)
[0525/124530.199:WARNING:pe_image_reader.cc(302)] could not read dos header from C:\WINDOWS\System32\kernel.appcore.dll
[0525/124530.199:ERROR:process_reader_win.cc(242)] ReadMemory at 0x7ffa06ad0000 of 64 bytes failed: Only part of a ReadProcessMemory or WriteProcessMemory request was completed. (0x12B)
[0525/124530.199:WARNING:pe_image_reader.cc(302)] could not read dos header from C:\WINDOWS\System32\powrprof.dll
[0525/124530.199:ERROR:process_reader_win.cc(242)] ReadMemory at 0x7ffa06ab0000 of 64 bytes failed: Only part of a ReadProcessMemory or WriteProcessMemory request was completed. (0x12B)
[0525/124530.199:WARNING:pe_image_reader.cc(302)] could not read dos header from C:\WINDOWS\System32\profapi.dll
[0525/124530.199:ERROR:process_reader_win.cc(242)] ReadMemory at 0x7ff9ee890000 of 64 bytes failed: Only part of a ReadProcessMemory or WriteProcessMemory request was completed. (0x12B)
[0525/124530.199:WARNING:pe_image_reader.cc(302)] could not read dos header from C:\Program Files (x86)\Google\Chrome\Application\68.0.3432.3\chrome_elf.dll
[0525/124530.199:ERROR:process_reader_win.cc(242)] ReadMemory at 0x7ff9feea0000 of 64 bytes failed: Only part of a ReadProcessMemory or WriteProcessMemory request was completed. (0x12B)
[0525/124530.199:WARNING:pe_image_reader.cc(302)] could not read dos header from C:\WINDOWS\SYSTEM32\VERSION.dll
[0525/124530.199:ERROR:process_reader_win.cc(242)] ReadMemory at 0x7ffa03c00000 of 64 bytes failed: Only part of a ReadProcessMemory or WriteProcessMemory request was completed. (0x12B)
[0525/124530.199:WARNING:pe_image_reader.cc(302)] could not read dos header from C:\WINDOWS\SYSTEM32\WINMM.dll
[0525/124530.199:ERROR:process_reader_win.cc(242)] ReadMemory at 0x7ffa069e0000 of 64 bytes failed: Only part of a ReadProcessMemory or WriteProcessMemory request was completed. (0x12B)
[0525/124530.199:WARNING:pe_image_reader.cc(302)] could not read dos header from C:\WINDOWS\SYSTEM32\USERENV.dll
[0525/124530.199:ERROR:process_reader_win.cc(242)] ReadMemory at 0x7ffa02190000 of 64 bytes failed: Only part of a ReadProcessMemory or WriteProcessMemory request was completed. (0x12B)
[0525/124530.199:WARNING:pe_image_reader.cc(302)] could not read dos header from C:\WINDOWS\SYSTEM32\WINHTTP.dll
[0525/124530.199:ERROR:process_reader_win.cc(242)] ReadMemory at 0x7ffa03b60000 of 64 bytes failed: Only part of a ReadProcessMemory or WriteProcessMemory request was completed. (0x12B)
[0525/124530.199:WARNING:pe_image_reader.cc(302)] could not read dos header from C:\WINDOWS\SYSTEM32\WINMMBASE.dll
[0525/124530.199:ERROR:process_reader_win.cc(242)] ReadMemory at 0x7ffa06520000 of 64 bytes failed: Only part of a ReadProcessMemory or WriteProcessMemory request was completed. (0x12B)
[0525/124530.199:WARNING:pe_image_reader.cc(302)] could not read dos header from C:\WINDOWS\SYSTEM32\CRYPTBASE.DLL
[0525/124530.199:ERROR:process_reader_win.cc(242)] ReadMemory at 0x7ffa0a260000 of 64 bytes failed: Only part of a ReadProcessMemory or WriteProcessMemory request was completed. (0x12B)
[0525/124530.199:WARNING:pe_image_reader.cc(302)] could not read dos header from C:\WINDOWS\System32\IMM32.DLL
[0525/124530.199:ERROR:process_reader_win.cc(242)] ReadMemory at 0x7ff9d44f0000 of 64 bytes failed: Only part of a ReadProcessMemory or WriteProcessMemory request was completed. (0x12B)
[0525/124530.199:WARNING:pe_image_reader.cc(302)] could not read dos header from C:\Program Files (x86)\Google\Chrome\Application\68.0.3432.3\chrome_child.dll
[0525/124530.199:ERROR:process_reader_win.cc(242)] ReadMemory at 0x7ffa0a290000 of 64 bytes failed: Only part of a ReadProcessMemory or WriteProcessMemory request was completed. (0x12B)
[0525/124530.199:WARNING:pe_image_reader.cc(302)] could not read dos header from C:\WINDOWS\System32\COMDLG32.dll
[0525/124530.199:ERROR:process_reader_win.cc(242)] ReadMemory at 0x7ffa08780000 of 64 bytes failed: Only part of a ReadProcessMemory or WriteProcessMemory request was completed. (0x12B)
[0525/124530.199:WARNING:pe_image_reader.cc(302)] could not read dos header from C:\WINDOWS\System32\OLEAUT32.dll
[0525/124530.199:ERROR:process_reader_win.cc(242)] ReadMemory at 0x7ffa081c0000 of 64 bytes failed: Only part of a ReadProcessMemory or WriteProcessMemory request was completed. (0x12B)
[0525/124530.199:WARNING:pe_image_reader.cc(302)] could not read dos header from C:\WINDOWS\System32\WS2_32.dll
[0525/124530.199:ERROR:process_reader_win.cc(242)] ReadMemory at 0x7ffa08900000 of 64 bytes failed: Only part of a ReadProcessMemory or WriteProcessMemory request was completed. (0x12B)
[0525/124530.199:WARNING:pe_image_reader.cc(302)] could not read dos header from C:\WINDOWS\System32\ole32.dll
[0525/124530.199:ERROR:process_reader_win.cc(242)] ReadMemory at 0x7ffa07a80000 of 64 bytes failed: Only part of a ReadProcessMemory or WriteProcessMemory request was completed. (0x12B)
[0525/124530.199:WARNING:pe_image_reader.cc(302)] could not read dos header from C:\WINDOWS\System32\WINTRUST.dll
[0525/124530.199:ERROR:process_reader_win.cc(242)] ReadMemory at 0x7ffa06b40000 of 64 bytes failed: Only part of a ReadProcessMemory or WriteProcessMemory request was completed. (0x12B)
[0525/124530.199:WARNING:pe_image_reader.cc(302)] could not read dos header from C:\WINDOWS\System32\MSASN1.dll
[0525/124530.199:ERROR:process_reader_win.cc(242)] ReadMemory at 0x7ffa06be0000 of 64 bytes failed: Only part of a ReadProcessMemory or WriteProcessMemory request was completed. (0x12B)
[0525/124530.199:WARNING:pe_image_reader.cc(302)] could not read dos header from C:\WINDOWS\System32\CRYPT32.dll
[0525/124530.199:ERROR:process_reader_win.cc(242)] ReadMemory at 0x7ff9ff6a0000 of 64 bytes failed: Only part of a ReadProcessMemory or WriteProcessMemory request was completed. (0x12B)
[0525/124530.199:WARNING:pe_image_reader.cc(302)] could not read dos header from C:\WINDOWS\WinSxS\amd64_microsoft.windows.common-controls_6595b64144ccf1df_6.0.16299.431_none_15c7d3ee93659e73\COMCTL32.dll
[0525/124530.199:ERROR:process_reader_win.cc(242)] ReadMemory at 0x7ff9eea00000 of 64 bytes failed: Only part of a ReadProcessMemory or WriteProcessMemory request was completed. (0x12B)
[0525/124530.199:WARNING:pe_image_reader.cc(302)] could not read dos header from C:\WINDOWS\SYSTEM32\Secur32.dll
[0525/124530.199:ERROR:process_reader_win.cc(242)] ReadMemory at 0x7ff9f4a50000 of 64 bytes failed: Only part of a ReadProcessMemory or WriteProcessMemory request was completed. (0x12B)
[0525/124530.199:WARNING:pe_image_reader.cc(302)] could not read dos header from C:\WINDOWS\SYSTEM32\dbghelp.dll
[0525/124530.199:ERROR:process_reader_win.cc(242)] ReadMemory at 0x7ff9f8520000 of 64 bytes failed: Only part of a ReadProcessMemory or WriteProcessMemory request was completed. (0x12B)
[0525/124530.199:WARNING:pe_image_reader.cc(302)] could not read dos header from C:\WINDOWS\SYSTEM32\USP10.dll
[0525/124530.199:ERROR:process_reader_win.cc(242)] ReadMemory at 0x7ff9fe3a0000 of 64 bytes failed: Only part of a ReadProcessMemory or WriteProcessMemory request was completed. (0x12B)
[0525/124530.199:WARNING:pe_image_reader.cc(302)] could not read dos header from C:\WINDOWS\SYSTEM32\WINSPOOL.DRV
[0525/124530.199:ERROR:process_reader_win.cc(242)] ReadMemory at 0x7ffa060d0000 of 64 bytes failed: Only part of a ReadProcessMemory or WriteProcessMemory request was completed. (0x12B)
[0525/124530.199:WARNING:pe_image_reader.cc(302)] could not read dos header from C:\WINDOWS\SYSTEM32\IPHLPAPI.DLL
[0525/124530.199:ERROR:process_reader_win.cc(242)] ReadMemory at 0x7ff9f9ab0000 of 64 bytes failed: Only part of a ReadProcessMemory or WriteProcessMemory request was completed. (0x12B)
[0525/124530.199:WARNING:pe_image_reader.cc(302)] could not read dos header from C:\WINDOWS\SYSTEM32\urlmon.dll
[0525/124530.199:ERROR:process_reader_win.cc(242)] ReadMemory at 0x2664e8a0000 of 64 bytes failed: Only part of a ReadProcessMemory or WriteProcessMemory request was completed. (0x12B)
[0525/124530.199:WARNING:pe_image_reader.cc(302)] could not read dos header from C:\WINDOWS\System32\imagehlp.dll
[0525/124530.199:ERROR:process_reader_win.cc(242)] ReadMemory at 0x7ff9f88f0000 of 64 bytes failed: Only part of a ReadProcessMemory or WriteProcessMemory request was completed. (0x12B)
[0525/124530.199:WARNING:pe_image_reader.cc(302)] could not read dos header from C:\WINDOWS\SYSTEM32\DWrite.dll
[0525/124530.199:ERROR:process_reader_win.cc(242)] ReadMemory at 0x7ffa05910000 of 64 bytes failed: Only part of a ReadProcessMemory or WriteProcessMemory request was completed. (0x12B)
[0525/124530.199:WARNING:pe_image_reader.cc(302)] could not read dos header from C:\WINDOWS\SYSTEM32\dxgi.dll
[0525/124530.199:ERROR:process_reader_win.cc(242)] ReadMemory at 0x7ff9fe720000 of 64 bytes failed: Only part of a ReadProcessMemory or WriteProcessMemory request was completed. (0x12B)
[0525/124530.199:WARNING:pe_image_reader.cc(302)] could not read dos header from C:\WINDOWS\SYSTEM32\dhcpcsvc.DLL
[0525/124530.199:ERROR:process_reader_win.cc(242)] ReadMemory at 0x7ffa08080000 of 64 bytes failed: Only part of a ReadProcessMemory or WriteProcessMemory request was completed. (0x12B)
[0525/124530.199:WARNING:pe_image_reader.cc(302)] could not read dos header from C:\WINDOWS\System32\NSI.dll
[0525/124530.199:ERROR:process_reader_win.cc(242)] ReadMemory at 0x7ffa06610000 of 64 bytes failed: Only part of a ReadProcessMemory or WriteProcessMemory request was completed. (0x12B)
[0525/124530.199:WARNING:pe_image_reader.cc(302)] could not read dos header from C:\WINDOWS\SYSTEM32\bcrypt.dll
[0525/124530.199:ERROR:process_reader_win.cc(242)] ReadMemory at 0x7ff9fe740000 of 64 bytes failed: Only part of a ReadProcessMemory or WriteProcessMemory request was completed. (0x12B)
[0525/124530.199:WARNING:pe_image_reader.cc(302)] could not read dos header from C:\WINDOWS\SYSTEM32\iertutil.dll
[0525/124530.199:ERROR:process_reader_win.cc(242)] ReadMemory at 0x7ffa069b0000 of 64 bytes failed: Only part of a ReadProcessMemory or WriteProcessMemory request was completed. (0x12B)
[0525/124530.199:WARNING:pe_image_reader.cc(302)] could not read dos header from C:\WINDOWS\SYSTEM32\SSPICLI.DLL
[0525/124530.199:ERROR:process_reader_win.cc(242)] ReadMemory at 0x7ffa07c30000 of 64 bytes failed: Only part of a ReadProcessMemory or WriteProcessMemory request was completed. (0x12B)
[0525/124530.199:WARNING:pe_image_reader.cc(302)] could not read dos header from C:\WINDOWS\System32\SETUPAPI.dll
[0525/124530.199:ERROR:process_reader_win.cc(242)] ReadMemory at 0x7ffa068c0000 of 64 bytes failed: Only part of a ReadProcessMemory or WriteProcessMemory request was completed. (0x12B)
[0525/124530.199:WARNING:pe_image_reader.cc(302)] could not read dos header from C:\WINDOWS\SYSTEM32\DEVOBJ.dll
[0525/124530.199:ERROR:process_reader_win.cc(242)] ReadMemory at 0x7ff9eeb90000 of 64 bytes failed: Only part of a ReadProcessMemory or WriteProcessMemory request was completed. (0x12B)
[0525/124530.199:WARNING:pe_image_reader.cc(302)] could not read dos header from C:\WINDOWS\SYSTEM32\mf.dll
[0525/124530.199:ERROR:process_reader_win.cc(242)] ReadMemory at 0x7ff9f2a80000 of 64 bytes failed: Only part of a ReadProcessMemory or WriteProcessMemory request was completed. (0x12B)
[0525/124530.199:WARNING:pe_image_reader.cc(302)] could not read dos header from C:\WINDOWS\SYSTEM32\MFPlat.DLL
[0525/124530.199:ERROR:process_reader_win.cc(242)] ReadMemory at 0x7ff9f67f0000 of 64 bytes failed: Only part of a ReadProcessMemory or WriteProcessMemory request was completed. (0x12B)
[0525/124530.199:WARNING:pe_image_reader.cc(302)] could not read dos header from C:\WINDOWS\SYSTEM32\RTWorkQ.DLL
[0525/124530.199:ERROR:process_reader_win.cc(242)] ReadMemory at 0x7ff9ebd00000 of 64 bytes failed: Only part of a ReadProcessMemory or WriteProcessMemory request was completed. (0x12B)
[0525/124530.199:WARNING:pe_image_reader.cc(302)] could not read dos header from C:\WINDOWS\SYSTEM32\msmpeg2vdec.dll
[0525/124530.200:ERROR:process_reader_win.cc(242)] ReadMemory at 0x7ff9ec770000 of 64 bytes failed: Only part of a ReadProcessMemory or WriteProcessMemory request was completed. (0x12B)
[0525/124530.200:WARNING:pe_image_reader.cc(302)] could not read dos header from C:\WINDOWS\SYSTEM32\mfperfhelper.dll
[0525/124530.200:ERROR:process_reader_win.cc(242)] ReadMemory at 0x7ffa06500000 of 64 bytes failed: Only part of a ReadProcessMemory or WriteProcessMemory request was completed. (0x12B)
[0525/124530.200:WARNING:pe_image_reader.cc(302)] could not read dos header from C:\WINDOWS\SYSTEM32\cryptsp.dll
[0525/124530.200:ERROR:process_reader_win.cc(242)] ReadMemory at 0x7ff9f5ac0000 of 64 bytes failed: Only part of a ReadProcessMemory or WriteProcessMemory request was completed. (0x12B)
[0525/124530.200:WARNING:pe_image_reader.cc(302)] could not read dos header from C:\WINDOWS\SYSTEM32\dxva2.dll
[0525/124530.200:ERROR:process_reader_win.cc(242)] ReadMemory at 0x7ff9ec2e0000 of 64 bytes failed: Only part of a ReadProcessMemory or WriteProcessMemory request was completed. (0x12B)
[0525/124530.200:WARNING:pe_image_reader.cc(302)] could not read dos header from C:\WINDOWS\SYSTEM32\msvproc.dll
[0525/124530.200:ERROR:process_reader_win.cc(242)] ReadMemory at 0x7ff9f6310000 of 64 bytes failed: Only part of a ReadProcessMemory or WriteProcessMemory request was completed. (0x12B)
[0525/124530.200:WARNING:pe_image_reader.cc(302)] could not read dos header from C:\WINDOWS\SYSTEM32\CompPkgSup.DLL
[0525/124530.200:ERROR:process_reader_win.cc(242)] ReadMemory at 0x7ffa040b0000 of 64 bytes failed: Only part of a ReadProcessMemory or WriteProcessMemory request was completed. (0x12B)
[0525/124530.200:WARNING:pe_image_reader.cc(302)] could not read dos header from C:\WINDOWS\SYSTEM32\D3DCompiler_47.dll
[0525/124530.200:ERROR:process_reader_win.cc(242)] ReadMemory at 0x7ff9e1500000 of 64 bytes failed: Only part of a ReadProcessMemory or WriteProcessMemory request was completed. (0x12B)
[0525/124530.200:WARNING:pe_image_reader.cc(302)] could not read dos header from C:\Program Files (x86)\Google\Chrome\Application\68.0.3432.3\libglesv2.dll
[0525/124530.200:ERROR:process_reader_win.cc(242)] ReadMemory at 0x7ff9e7010000 of 64 bytes failed: Only part of a ReadProcessMemory or WriteProcessMemory request was completed. (0x12B)
[0525/124530.200:WARNING:pe_image_reader.cc(302)] could not read dos header from C:\WINDOWS\SYSTEM32\d3d9.dll
[0525/124530.200:ERROR:process_reader_win.cc(242)] ReadMemory at 0x7ffa05520000 of 64 bytes failed: Only part of a ReadProcessMemory or WriteProcessMemory request was completed. (0x12B)
[0525/124530.200:WARNING:pe_image_reader.cc(302)] could not read dos header from C:\WINDOWS\SYSTEM32\dwmapi.dll
[0525/124530.200:ERROR:process_reader_win.cc(242)] ReadMemory at 0x7ff9f5120000 of 64 bytes failed: Only part of a ReadProcessMemory or WriteProcessMemory request was completed. (0x12B)
[0525/124530.200:WARNING:pe_image_reader.cc(302)] could not read dos header from C:\Program Files (x86)\Google\Chrome\Application\68.0.3432.3\libegl.dll
[0525/124530.200:ERROR:process_reader_win.cc(242)] ReadMemory at 0x7ffa044e0000 of 64 bytes failed: Only part of a ReadProcessMemory or WriteProcessMemory request was completed. (0x12B)
[0525/124530.200:WARNING:pe_image_reader.cc(302)] could not read dos header from C:\WINDOWS\SYSTEM32\d3d11.dll
[0525/124530.200:ERROR:process_reader_win.cc(242)] ReadMemory at 0x7ffa04e70000 of 64 bytes failed: Only part of a ReadProcessMemory or WriteProcessMemory request was completed. (0x12B)
[0525/124530.200:WARNING:pe_image_reader.cc(302)] could not read dos header from C:\WINDOWS\SYSTEM32\dcomp.dll
[0525/124530.200:ERROR:process_reader_win.cc(242)] ReadMemory at 0x7ff9fc080000 of 64 bytes failed: Only part of a ReadProcessMemory or WriteProcessMemory request was completed. (0x12B)
[0525/124530.200:WARNING:pe_image_reader.cc(302)] could not read dos header from C:\WINDOWS\System32\DriverStore\FileRepository\igdlh64.inf_amd64_ab736fe7f232ee1e\igd10iumd64.dll
[0525/124530.200:ERROR:process_reader_win.cc(242)] ReadMemory at 0x7ffa065e0000 of 64 bytes failed: Only part of a ReadProcessMemory or WriteProcessMemory request was completed. (0x12B)
[0525/124530.200:WARNING:pe_image_reader.cc(302)] could not read dos header from C:\WINDOWS\SYSTEM32\ncrypt.dll
[0525/124530.200:ERROR:process_reader_win.cc(242)] ReadMemory at 0x7ffa065a0000 of 64 bytes failed: Only part of a ReadProcessMemory or WriteProcessMemory request was completed. (0x12B)
[0525/124530.200:WARNING:pe_image_reader.cc(302)] could not read dos header from C:\WINDOWS\SYSTEM32\NTASN1.dll
[0525/124530.200:ERROR:process_reader_win.cc(242)] ReadMemory at 0x7ff9fa100000 of 64 bytes failed: Only part of a ReadProcessMemory or WriteProcessMemory request was completed. (0x12B)
[0525/124530.200:WARNING:pe_image_reader.cc(302)] could not read dos header from C:\WINDOWS\System32\DriverStore\FileRepository\igdlh64.inf_amd64_ab736fe7f232ee1e\igc64.dll
[0525/124530.200:ERROR:process_reader_win.cc(242)] ReadMemory at 0x7ff9c8ae0000 of 64 bytes failed: Only part of a ReadProcessMemory or WriteProcessMemory request was completed. (0x12B)
[0525/124530.200:WARNING:pe_image_reader.cc(302)] could not read dos header from C:\WINDOWS\System32\DriverStore\FileRepository\igdlh64.inf_amd64_ab736fe7f232ee1e\igd11dxva64.dll
[0525/124530.200:ERROR:process_reader_win.cc(242)] ReadMemory at 0x7ffa09f90000 of 64 bytes failed: Only part of a ReadProcessMemory or WriteProcessMemory request was completed. (0x12B)
[0525/124530.200:WARNING:pe_image_reader.cc(302)] could not read dos header from C:\WINDOWS\System32\clbcatq.dll
[0525/124530.200:ERROR:process_reader_win.cc(242)] ReadMemory at 0x7ff9e4d30000 of 64 bytes failed: Only part of a ReadProcessMemory or WriteProcessMemory request was completed. (0x12B)
[0525/124530.200:WARNING:pe_image_reader.cc(302)] could not read dos header from C:\Windows\System32\mfh264enc.dll
[0525/124530.200:ERROR:process_reader_win.cc(242)] ReadMemory at 0x7ffa05450000 of 64 bytes failed: Only part of a ReadProcessMemory or WriteProcessMemory request was completed. (0x12B)
[0525/124530.200:WARNING:pe_image_reader.cc(302)] could not read dos header from C:\WINDOWS\system32\uxtheme.dll
[0525/124530.200:ERROR:process_reader_win.cc(242)] ReadMemory at 0x7ffa0a0e0000 of 64 bytes failed: Only part of a ReadProcessMemory or WriteProcessMemory request was completed. (0x12B)
[0525/124530.200:WARNING:pe_image_reader.cc(302)] could not read dos header from C:\WINDOWS\System32\MSCTF.dll
[0525/124530.200:ERROR:process_reader_win.cc(242)] ReadMemory at 0x7ffa036f0000 of 64 bytes failed: Only part of a ReadProcessMemory or WriteProcessMemory request was completed. (0x12B)
[0525/124530.200:WARNING:pe_image_reader.cc(302)] could not read dos header from C:\WINDOWS\SYSTEM32\avrt.dll
[0525/124530.215:ERROR:process_reader_win.cc(242)] ReadMemory at 0xb7dfbe7000 of 102400 bytes failed: Only part of a ReadProcessMemory or WriteProcessMemory request was completed. (0x12B)
[0525/124530.215:ERROR:crash_report_exception_handler.cc(111)] WriteEverything failed
[0525/124530.618:ERROR:filesystem_win.cc(148)] DeleteFile C:\Users\Admin\AppData\Local\Temp\scoped_dir17592_8611\Crashpad\reports\69ae55f3-6a9e-4207-974d-f1ad72f6baa8.dmp: The process cannot access the file because it is being used by another process. (0x20)
[0525/124530.618:ERROR:scoped_process_suspend.cc(40)] NtResumeProcess: An attempt was made to access an exiting process. (0xc000010a)
[0529/140235.397:ERROR:process_info.cc(329)] VirtualQueryEx: Access is denied. (0x5)
[0529/140235.414:ERROR:process_info.cc(550)] ReadMemoryInfo failed
[0529/140235.416:ERROR:process_reader_win.cc(151)] SuspendThread: Access is denied. (0x5)
[0529/140235.416:ERROR:exception_snapshot_win.cc(88)] thread ID 9500 not found in process
[0529/140235.417:ERROR:scoped_process_suspend.cc(40)] NtResumeProcess: An attempt was made to access an exiting process. (0xc000010a)
[0529/162501.579:ERROR:process_info.cc(329)] VirtualQueryEx: Access is denied. (0x5)
[0529/162501.579:ERROR:process_info.cc(550)] ReadMemoryInfo failed
[0529/162501.582:ERROR:process_reader_win.cc(151)] SuspendThread: Access is denied. (0x5)
[0529/162501.582:ERROR:exception_snapshot_win.cc(88)] thread ID 5264 not found in process
[0529/162501.582:ERROR:scoped_process_suspend.cc(40)] NtResumeProcess: An attempt was made to access an exiting process. (0xc000010a)
