#
# A fatal error has been detected by the Java Runtime Environment:
#
#  Internal Error (javaCalls.cpp:51), pid=53300, tid=0x000000000000c538
#  guarantee(thread->is_Java_thread()) failed: crucial check - the VM thread cannot and must not escape to Java code
#
# JRE version: Java(TM) SE Runtime Environment (8.0_161-b12) (build 1.8.0_161-b12)
# Java VM: Java HotSpot(TM) 64-Bit Server VM (25.161-b12 mixed mode windows-amd64 compressed oops)
# Failed to write core dump. Minidumps are not enabled by default on client versions of Windows
#
# If you would like to submit a bug report, please visit:
#   http://bugreport.java.com/bugreport/crash.jsp
#

---------------  T H R E A D  ---------------

Current thread (0x0000000017de8800):  VMThread [stack: 0x0000000018e70000,0x0000000018f70000] [id=50488]

Stack: [0x0000000018e70000,0x0000000018f70000]
[error occurred during error reporting (printing stack bounds), id 0xc0000005]

Native frames: (J=compiled Java code, j=interpreted, Vv=VM code, C=native code)

VM_Operation (0x000000001989eff0): GetOrSetLocal, mode: safepoint, requested by thread 0x0000000017e2c000


---------------  P R O C E S S  ---------------

Java Threads: ( => current thread )
  0x000000001a9ce000 JavaThread "Exec Stream Pumper" daemon [_thread_in_native, id=63244, stack(0x000000001e340000,0x000000001e440000)]
  0x000000001b5a3000 JavaThread "Exec Stream Pumper" daemon [_thread_in_native, id=30264, stack(0x000000001e240000,0x000000001e340000)]
  0x000000001c56d800 JavaThread "Exec Default Executor" daemon [_thread_in_native, id=40208, stack(0x000000001e140000,0x000000001e240000)]
  0x000000001c396800 JavaThread "Exec Stream Pumper" daemon [_thread_in_native, id=68548, stack(0x000000001dc40000,0x000000001dd40000)]
  0x000000001c62c000 JavaThread "Exec Stream Pumper" daemon [_thread_in_native, id=70580, stack(0x000000001db40000,0x000000001dc40000)]
  0x000000001c62b800 JavaThread "Exec Default Executor" daemon [_thread_in_native, id=66732, stack(0x000000001d940000,0x000000001da40000)]
  0x000000001a8fc000 JavaThread "ReaderThread" [_thread_in_native, id=68256, stack(0x000000001bc70000,0x000000001bd70000)]
  0x0000000017e7e800 JavaThread "Service Thread" daemon [_thread_blocked, id=63052, stack(0x000000001a1a0000,0x000000001a2a0000)]
  0x0000000019cb3800 JavaThread "C1 CompilerThread2" daemon [_thread_blocked, id=68692, stack(0x000000001a0a0000,0x000000001a1a0000)]
  0x0000000017e5f800 JavaThread "C2 CompilerThread1" daemon [_thread_blocked, id=69456, stack(0x0000000019ba0000,0x0000000019ca0000)]
  0x0000000017e49000 JavaThread "C2 CompilerThread0" daemon [_thread_blocked, id=61416, stack(0x0000000019aa0000,0x0000000019ba0000)]
  0x0000000017e3c000 JavaThread "JDWP Command Reader" daemon [_thread_in_native, id=41040, stack(0x00000000199a0000,0x0000000019aa0000)]
  0x0000000017e3b000 JavaThread "JDWP Event Helper Thread" daemon [_thread_blocked, id=63608, stack(0x00000000198a0000,0x00000000199a0000)]
  0x0000000017e2c000 JavaThread "JDWP Transport Listener: dt_socket" daemon [_thread_blocked, id=3456, stack(0x00000000197a0000,0x00000000198a0000)]
  0x0000000017e22800 JavaThread "Attach Listener" daemon [_thread_blocked, id=27976, stack(0x0000000019360000,0x0000000019460000)]
  0x0000000017e21800 JavaThread "Signal Dispatcher" daemon [_thread_blocked, id=10476, stack(0x0000000019260000,0x0000000019360000)]
  0x0000000017e10000 JavaThread "Finalizer" daemon [_thread_blocked, id=67620, stack(0x0000000019070000,0x0000000019170000)]
  0x0000000003486000 JavaThread "Reference Handler" daemon [_thread_blocked, id=70132, stack(0x0000000018f70000,0x0000000019070000)]
  0x0000000003394800 JavaThread "main" [_thread_blocked, id=66904, stack(0x0000000003190000,0x0000000003290000)]

Other Threads:
=>0x0000000017de8800 VMThread [stack: 0x0000000018e70000,0x0000000018f70000] [id=50488]
  0x0000000019d3c800 WatcherThread [stack: 0x000000001a2a0000,0x000000001a3a0000] [id=65836]

VM state:at safepoint (normal execution)

VM Mutex/Monitor currently owned by a thread:  ([mutex/lock_event])
[0x0000000003391ad0] Threads_lock - owner thread: 0x0000000017de8800

Heap:
 PSYoungGen      total 66048K, used 40654K [0x00000000d6d00000, 0x00000000db980000, 0x0000000100000000)
  eden space 59904K, 59% used [0x00000000d6d00000,0x00000000d8f92080,0x00000000da780000)
  from space 6144K, 85% used [0x00000000db380000,0x00000000db8a1838,0x00000000db980000)
  to   space 9216K, 0% used [0x00000000da780000,0x00000000da780000,0x00000000db080000)
 ParOldGen       total 57344K, used 7617K [0x0000000084600000, 0x0000000087e00000, 0x00000000d6d00000)
  object space 57344K, 13% used [0x0000000084600000,0x0000000084d704b8,0x0000000087e00000)
 Metaspace       used 25440K, capacity 25874K, committed 26112K, reserved 1073152K
  class space    used 3127K, capacity 3287K, committed 3328K, reserved 1048576K

Card table byte_map: [0x0000000012850000,0x0000000012c30000] byte_map_base: 0x000000001242d000

Marking Bits: (ParMarkBitMap*) 0x0000000074a7f860
 Begin Bits: [0x00000000132d0000, 0x00000000151b8000)
 End Bits:   [0x00000000151b8000, 0x00000000170a0000)

Polling page: 0x0000000000ff0000

CodeCache: size=245760Kb used=9246Kb max_used=9578Kb free=236513Kb
 bounds [0x0000000003490000, 0x0000000003e00000, 0x0000000012490000]
 total_blobs=3066 nmethods=2631 adapters=355
 compilation: enabled

Compilation events (10 events):
Event: 247.111 Thread 0x0000000019cb3800 2924       3       org.apache.http.impl.io.ContentLengthOutputStream::close (22 bytes)
Event: 247.111 Thread 0x0000000019cb3800 nmethod 2924 0x000000000365ead0 code [0x000000000365ec60, 0x000000000365f038]
Event: 247.122 Thread 0x0000000019cb3800 2925       3       com.google.gson.internal.LinkedTreeMap$LinkedTreeMapIterator::<init> (40 bytes)
Event: 247.122 Thread 0x0000000019cb3800 nmethod 2925 0x00000000035f5e50 code [0x00000000035f5fc0, 0x00000000035f61d0]
Event: 247.260 Thread 0x0000000019cb3800 2926       3       com.google.common.collect.UnmodifiableIterator::<init> (5 bytes)
Event: 247.261 Thread 0x0000000019cb3800 nmethod 2926 0x000000000362eb50 code [0x000000000362eca0, 0x000000000362ee50]
Event: 284.076 Thread 0x0000000019cb3800 2927       3       java.util.Formatter::parse (151 bytes)
Event: 284.079 Thread 0x0000000019cb3800 nmethod 2927 0x0000000003943d10 code [0x0000000003944180, 0x0000000003946a78]
Event: 287.497 Thread 0x0000000017e5f800 2928       4       java.util.regex.Matcher::group (112 bytes)
Event: 287.510 Thread 0x0000000017e5f800 nmethod 2928 0x000000000392de10 code [0x000000000392dfa0, 0x000000000392e978]

GC Heap History (10 events):
Event: 3.505 GC heap before
{Heap before GC invocations=5 (full 1):
 PSYoungGen      total 36864K, used 5118K [0x00000000d6d00000, 0x00000000db500000, 0x0000000100000000)
  eden space 31744K, 0% used [0x00000000d6d00000,0x00000000d6d00000,0x00000000d8c00000)
  from space 5120K, 99% used [0x00000000d9100000,0x00000000d95ff850,0x00000000d9600000)
  to   space 5120K, 0% used [0x00000000d8c00000,0x00000000d8c00000,0x00000000d9100000)
 ParOldGen       total 84992K, used 6475K [0x0000000084600000, 0x0000000089900000, 0x00000000d6d00000)
  object space 84992K, 7% used [0x0000000084600000,0x0000000084c52fe8,0x0000000089900000)
 Metaspace       used 20810K, capacity 21094K, committed 21296K, reserved 1069056K
  class space    used 2549K, capacity 2667K, committed 2688K, reserved 1048576K
Event: 3.553 GC heap after
Heap after GC invocations=5 (full 1):
 PSYoungGen      total 36864K, used 0K [0x00000000d6d00000, 0x00000000db500000, 0x0000000100000000)
  eden space 31744K, 0% used [0x00000000d6d00000,0x00000000d6d00000,0x00000000d8c00000)
  from space 5120K, 0% used [0x00000000d9100000,0x00000000d9100000,0x00000000d9600000)
  to   space 5120K, 0% used [0x00000000d8c00000,0x00000000d8c00000,0x00000000d9100000)
 ParOldGen       total 57344K, used 7593K [0x0000000084600000, 0x0000000087e00000, 0x00000000d6d00000)
  object space 57344K, 13% used [0x0000000084600000,0x0000000084d6a4b8,0x0000000087e00000)
 Metaspace       used 20810K, capacity 21094K, committed 21296K, reserved 1069056K
  class space    used 2549K, capacity 2667K, committed 2688K, reserved 1048576K
}
Event: 25.739 GC heap before
{Heap before GC invocations=6 (full 1):
 PSYoungGen      total 36864K, used 30531K [0x00000000d6d00000, 0x00000000db500000, 0x0000000100000000)
  eden space 31744K, 96% used [0x00000000d6d00000,0x00000000d8ad0e58,0x00000000d8c00000)
  from space 5120K, 0% used [0x00000000d9100000,0x00000000d9100000,0x00000000d9600000)
  to   space 5120K, 0% used [0x00000000d8c00000,0x00000000d8c00000,0x00000000d9100000)
 ParOldGen       total 57344K, used 7593K [0x0000000084600000, 0x0000000087e00000, 0x00000000d6d00000)
  object space 57344K, 13% used [0x0000000084600000,0x0000000084d6a4b8,0x0000000087e00000)
 Metaspace       used 25113K, capacity 25482K, committed 25856K, reserved 1071104K
  class space    used 3118K, capacity 3251K, committed 3328K, reserved 1048576K
Event: 25.743 GC heap after
Heap after GC invocations=6 (full 1):
 PSYoungGen      total 36864K, used 3303K [0x00000000d6d00000, 0x00000000dad80000, 0x0000000100000000)
  eden space 31744K, 0% used [0x00000000d6d00000,0x00000000d6d00000,0x00000000d8c00000)
  from space 5120K, 64% used [0x00000000d8c00000,0x00000000d8f39da0,0x00000000d9100000)
  to   space 9216K, 0% used [0x00000000da480000,0x00000000da480000,0x00000000dad80000)
 ParOldGen       total 57344K, used 7601K [0x0000000084600000, 0x0000000087e00000, 0x00000000d6d00000)
  object space 57344K, 13% used [0x0000000084600000,0x0000000084d6c4b8,0x0000000087e00000)
 Metaspace       used 25113K, capacity 25482K, committed 25856K, reserved 1071104K
  class space    used 3118K, capacity 3251K, committed 3328K, reserved 1048576K
}
Event: 26.522 GC heap before
{Heap before GC invocations=7 (full 1):
 PSYoungGen      total 36864K, used 33725K [0x00000000d6d00000, 0x00000000dad80000, 0x0000000100000000)
  eden space 31744K, 95% used [0x00000000d6d00000,0x00000000d8ab57b0,0x00000000d8c00000)
  from space 5120K, 64% used [0x00000000d8c00000,0x00000000d8f39da0,0x00000000d9100000)
  to   space 9216K, 0% used [0x00000000da480000,0x00000000da480000,0x00000000dad80000)
 ParOldGen       total 57344K, used 7601K [0x0000000084600000, 0x0000000087e00000, 0x00000000d6d00000)
  object space 57344K, 13% used [0x0000000084600000,0x0000000084d6c4b8,0x0000000087e00000)
 Metaspace       used 25128K, capacity 25482K, committed 25856K, reserved 1071104K
  class space    used 3119K, capacity 3251K, committed 3328K, reserved 1048576K
Event: 26.524 GC heap after
Heap after GC invocations=7 (full 1):
 PSYoungGen      total 54784K, used 960K [0x00000000d6d00000, 0x00000000dad80000, 0x0000000100000000)
  eden space 45568K, 0% used [0x00000000d6d00000,0x00000000d6d00000,0x00000000d9980000)
  from space 9216K, 10% used [0x00000000da480000,0x00000000da570010,0x00000000dad80000)
  to   space 10240K, 0% used [0x00000000d9980000,0x00000000d9980000,0x00000000da380000)
 ParOldGen       total 57344K, used 7609K [0x0000000084600000, 0x0000000087e00000, 0x00000000d6d00000)
  object space 57344K, 13% used [0x0000000084600000,0x0000000084d6e4b8,0x0000000087e00000)
 Metaspace       used 25128K, capacity 25482K, committed 25856K, reserved 1071104K
  class space    used 3119K, capacity 3251K, committed 3328K, reserved 1048576K
}
Event: 52.371 GC heap before
{Heap before GC invocations=8 (full 1):
 PSYoungGen      total 54784K, used 46528K [0x00000000d6d00000, 0x00000000dad80000, 0x0000000100000000)
  eden space 45568K, 100% used [0x00000000d6d00000,0x00000000d9980000,0x00000000d9980000)
  from space 9216K, 10% used [0x00000000da480000,0x00000000da570010,0x00000000dad80000)
  to   space 10240K, 0% used [0x00000000d9980000,0x00000000d9980000,0x00000000da380000)
 ParOldGen       total 57344K, used 7609K [0x0000000084600000, 0x0000000087e00000, 0x00000000d6d00000)
  object space 57344K, 13% used [0x0000000084600000,0x0000000084d6e4b8,0x0000000087e00000)
 Metaspace       used 25186K, capacity 25602K, committed 25856K, reserved 1071104K
  class space    used 3125K, capacity 3287K, committed 3328K, reserved 1048576K
Event: 52.382 GC heap after
Heap after GC invocations=8 (full 1):
 PSYoungGen      total 55808K, used 3984K [0x00000000d6d00000, 0x00000000dbd00000, 0x0000000100000000)
  eden space 45568K, 0% used [0x00000000d6d00000,0x00000000d6d00000,0x00000000d9980000)
  from space 10240K, 38% used [0x00000000d9980000,0x00000000d9d64168,0x00000000da380000)
  to   space 9728K, 0% used [0x00000000db380000,0x00000000db380000,0x00000000dbd00000)
 ParOldGen       total 57344K, used 7609K [0x0000000084600000, 0x0000000087e00000, 0x00000000d6d00000)
  object space 57344K, 13% used [0x0000000084600000,0x0000000084d6e4b8,0x0000000087e00000)
 Metaspace       used 25186K, capacity 25602K, committed 25856K, reserved 1071104K
  class space    used 3125K, capacity 3287K, committed 3328K, reserved 1048576K
}
Event: 76.341 GC heap before
{Heap before GC invocations=9 (full 1):
 PSYoungGen      total 55808K, used 49444K [0x00000000d6d00000, 0x00000000dbd00000, 0x0000000100000000)
  eden space 45568K, 99% used [0x00000000d6d00000,0x00000000d9965050,0x00000000d9980000)
  from space 10240K, 38% used [0x00000000d9980000,0x00000000d9d64168,0x00000000da380000)
  to   space 9728K, 0% used [0x00000000db380000,0x00000000db380000,0x00000000dbd00000)
 ParOldGen       total 57344K, used 7609K [0x0000000084600000, 0x0000000087e00000, 0x00000000d6d00000)
  object space 57344K, 13% used [0x0000000084600000,0x0000000084d6e4b8,0x0000000087e00000)
 Metaspace       used 25385K, capacity 25810K, committed 26112K, reserved 1073152K
  class space    used 3125K, capacity 3287K, committed 3328K, reserved 1048576K
Event: 76.348 GC heap after
Heap after GC invocations=9 (full 1):
 PSYoungGen      total 66048K, used 5254K [0x00000000d6d00000, 0x00000000db980000, 0x0000000100000000)
  eden space 59904K, 0% used [0x00000000d6d00000,0x00000000d6d00000,0x00000000da780000)
  from space 6144K, 85% used [0x00000000db380000,0x00000000db8a1838,0x00000000db980000)
  to   space 9216K, 0% used [0x00000000da780000,0x00000000da780000,0x00000000db080000)
 ParOldGen       total 57344K, used 7617K [0x0000000084600000, 0x0000000087e00000, 0x00000000d6d00000)
  object space 57344K, 13% used [0x0000000084600000,0x0000000084d704b8,0x0000000087e00000)
 Metaspace       used 25385K, capacity 25810K, committed 26112K, reserved 1073152K
  class space    used 3125K, capacity 3287K, committed 3328K, reserved 1048576K
}

Deoptimization events (10 events):
Event: 46.966 Thread 0x0000000003394800 Uncommon trap: reason=unhandled action=none pc=0x0000000003b7ee94 method=java.net.URLClassLoader.findClass(Ljava/lang/String;)Ljava/lang/Class; @ 44
Event: 46.966 Thread 0x0000000003394800 Uncommon trap: reason=unhandled action=none pc=0x0000000003b7ee94 method=java.net.URLClassLoader.findClass(Ljava/lang/String;)Ljava/lang/Class; @ 44
Event: 46.966 Thread 0x0000000003394800 Uncommon trap: reason=unhandled action=none pc=0x0000000003b7ee94 method=java.net.URLClassLoader.findClass(Ljava/lang/String;)Ljava/lang/Class; @ 44
Event: 52.263 Thread 0x0000000003394800 Uncommon trap: reason=unstable_if action=reinterpret pc=0x0000000003d629cc method=java.util.Base64$Decoder.outLength([BII)I @ 78
Event: 52.264 Thread 0x0000000003394800 Uncommon trap: reason=unstable_if action=reinterpret pc=0x0000000003d659e8 method=java.util.Base64$Decoder.decode0([BII[B)I @ 30
Event: 52.333 Thread 0x0000000003394800 Uncommon trap: reason=unstable_if action=reinterpret pc=0x000000000372213c method=sun.nio.cs.UTF_8$Decoder.decode([BII[C)I @ 30
Event: 52.367 Thread 0x0000000003394800 Uncommon trap: reason=unstable_if action=reinterpret pc=0x0000000003d5e910 method=com.google.gson.stream.JsonWriter.string(Ljava/lang/String;)V @ 57
Event: 52.367 Thread 0x0000000003394800 Uncommon trap: reason=unstable_if action=reinterpret pc=0x0000000003d4e4bc method=com.google.gson.stream.JsonWriter.string(Ljava/lang/String;)V @ 57
Event: 60.005 Thread 0x0000000003394800 Uncommon trap: reason=class_check action=maybe_recompile pc=0x0000000003b1c2dc method=java.util.regex.Matcher.search(I)Z @ 86
Event: 112.674 Thread 0x0000000003394800 Uncommon trap: reason=unhandled action=none pc=0x0000000003b7ee94 method=java.net.URLClassLoader.findClass(Ljava/lang/String;)Ljava/lang/Class; @ 44

Classes redefined (2 events):
Event: 230.029 Thread 0x0000000017de8800 redefined class name=action.action_menu, count=1
Event: 541.261 Thread 0x0000000017de8800 redefined class name=action.action_menu, count=2

Internal exceptions (10 events):
Event: 249.291 Thread 0x0000000003394800 Exception <a 'java/net/SocketTimeoutException': Read timed out> (0x00000000d8e4a8e0) thrown at [C:\re\workspace\8-2-build-windows-amd64-cygwin\jdk8u161\10277\hotspot\src\share\vm\prims\jni.cpp, line 735]
Event: 249.297 Thread 0x0000000003394800 Exception <a 'java/net/SocketTimeoutException': Read timed out> (0x00000000d8e56238) thrown at [C:\re\workspace\8-2-build-windows-amd64-cygwin\jdk8u161\10277\hotspot\src\share\vm\prims\jni.cpp, line 735]
Event: 254.239 Thread 0x0000000003394800 Exception <a 'java/net/SocketTimeoutException': Read timed out> (0x00000000d8e63660) thrown at [C:\re\workspace\8-2-build-windows-amd64-cygwin\jdk8u161\10277\hotspot\src\share\vm\prims\jni.cpp, line 735]
Event: 254.242 Thread 0x0000000003394800 Exception <a 'java/net/SocketTimeoutException': Read timed out> (0x00000000d8e63b20) thrown at [C:\re\workspace\8-2-build-windows-amd64-cygwin\jdk8u161\10277\hotspot\src\share\vm\prims\jni.cpp, line 735]
Event: 265.095 Thread 0x0000000003394800 Exception <a 'java/net/SocketTimeoutException': Read timed out> (0x00000000d8e724a0) thrown at [C:\re\workspace\8-2-build-windows-amd64-cygwin\jdk8u161\10277\hotspot\src\share\vm\prims\jni.cpp, line 735]
Event: 265.099 Thread 0x0000000003394800 Exception <a 'java/net/SocketTimeoutException': Read timed out> (0x00000000d8e72960) thrown at [C:\re\workspace\8-2-build-windows-amd64-cygwin\jdk8u161\10277\hotspot\src\share\vm\prims\jni.cpp, line 735]
Event: 279.842 Thread 0x0000000003394800 Exception <a 'java/net/SocketTimeoutException': Read timed out> (0x00000000d8e81740) thrown at [C:\re\workspace\8-2-build-windows-amd64-cygwin\jdk8u161\10277\hotspot\src\share\vm\prims\jni.cpp, line 735]
Event: 279.844 Thread 0x0000000003394800 Exception <a 'java/net/SocketTimeoutException': Read timed out> (0x00000000d8e81c00) thrown at [C:\re\workspace\8-2-build-windows-amd64-cygwin\jdk8u161\10277\hotspot\src\share\vm\prims\jni.cpp, line 735]
Event: 280.336 Thread 0x0000000003394800 Exception <a 'java/net/SocketTimeoutException': Read timed out> (0x00000000d8e8ce80) thrown at [C:\re\workspace\8-2-build-windows-amd64-cygwin\jdk8u161\10277\hotspot\src\share\vm\prims\jni.cpp, line 735]
Event: 281.606 Thread 0x0000000003394800 Exception <a 'java/net/SocketTimeoutException': Read timed out> (0x00000000d8e97840) thrown at [C:\re\workspace\8-2-build-windows-amd64-cygwin\jdk8u161\10277\hotspot\src\share\vm\prims\jni.cpp, line 735]

Events (10 events):
Event: 547.653 Executing VM operation: GetCurrentContendedMonitor done
Event: 547.653 Executing VM operation: GetCurrentContendedMonitor
Event: 547.654 Executing VM operation: GetCurrentContendedMonitor done
Event: 547.654 Executing VM operation: GetOwnedMonitorInfo
Event: 547.654 Executing VM operation: GetOwnedMonitorInfo done
Event: 547.661 Executing VM operation: GetOwnedMonitorInfo
Event: 547.661 Executing VM operation: GetOwnedMonitorInfo done
Event: 547.661 Executing VM operation: GetCurrentContendedMonitor
Event: 547.661 Executing VM operation: GetCurrentContendedMonitor done
Event: 547.667 Executing VM operation: GetOrSetLocal


Dynamic libraries:
0x00007ff6d5740000 - 0x00007ff6d5777000 	C:\Program Files\Java\jre1.8.0_161\bin\javaw.exe
0x00007ffcdaf30000 - 0x00007ffcdb111000 	C:\WINDOWS\SYSTEM32\ntdll.dll
0x00007ffcdae40000 - 0x00007ffcdaef2000 	C:\WINDOWS\System32\KERNEL32.DLL
0x00007ffcd8140000 - 0x00007ffcd83b3000 	C:\WINDOWS\System32\KERNELBASE.dll
0x00007ffcdabf0000 - 0x00007ffcdac91000 	C:\WINDOWS\System32\ADVAPI32.dll
0x00007ffcd99d0000 - 0x00007ffcd9a6e000 	C:\WINDOWS\System32\msvcrt.dll
0x00007ffcdadd0000 - 0x00007ffcdae2b000 	C:\WINDOWS\System32\sechost.dll
0x00007ffcdaca0000 - 0x00007ffcdadc4000 	C:\WINDOWS\System32\RPCRT4.dll
0x00007ffcda970000 - 0x00007ffcdab00000 	C:\WINDOWS\System32\USER32.dll
0x00007ffcd7300000 - 0x00007ffcd7320000 	C:\WINDOWS\System32\win32u.dll
0x00007ffcda2d0000 - 0x00007ffcda2f8000 	C:\WINDOWS\System32\GDI32.dll
0x00007ffcd76c0000 - 0x00007ffcd7852000 	C:\WINDOWS\System32\gdi32full.dll
0x00007ffcd80a0000 - 0x00007ffcd813f000 	C:\WINDOWS\System32\msvcp_win.dll
0x00007ffcd75c0000 - 0x00007ffcd76ba000 	C:\WINDOWS\System32\ucrtbase.dll
0x00007ffcca9b0000 - 0x00007ffccac19000 	C:\WINDOWS\WinSxS\amd64_microsoft.windows.common-controls_6595b64144ccf1df_6.0.17134.285_none_fb4297e330656775\COMCTL32.dll
0x00007ffcda4c0000 - 0x00007ffcda7e3000 	C:\WINDOWS\System32\combase.dll
0x00007ffcd78c0000 - 0x00007ffcd793a000 	C:\WINDOWS\System32\bcryptPrimitives.dll
0x00007ffcda7f0000 - 0x00007ffcda81d000 	C:\WINDOWS\System32\IMM32.DLL
0x0000000075480000 - 0x0000000075552000 	C:\Program Files\Java\jre1.8.0_161\bin\msvcr100.dll
0x0000000074260000 - 0x0000000074aff000 	C:\Program Files\Java\jre1.8.0_161\bin\server\jvm.dll
0x00007ffcd99c0000 - 0x00007ffcd99c8000 	C:\WINDOWS\System32\PSAPI.DLL
0x00007ffcc89f0000 - 0x00007ffcc89f9000 	C:\WINDOWS\SYSTEM32\WSOCK32.dll
0x00007ffccc450000 - 0x00007ffccc473000 	C:\WINDOWS\SYSTEM32\WINMM.dll
0x00007ffccc8f0000 - 0x00007ffccc8fa000 	C:\WINDOWS\SYSTEM32\VERSION.dll
0x00007ffcda900000 - 0x00007ffcda96c000 	C:\WINDOWS\System32\WS2_32.dll
0x00007ffccc420000 - 0x00007ffccc44a000 	C:\WINDOWS\SYSTEM32\WINMMBASE.dll
0x00007ffcd8050000 - 0x00007ffcd8099000 	C:\WINDOWS\System32\cfgmgr32.dll
0x0000000074250000 - 0x000000007425f000 	C:\Program Files\Java\jre1.8.0_161\bin\verify.dll
0x0000000074220000 - 0x0000000074249000 	C:\Program Files\Java\jre1.8.0_161\bin\java.dll
0x0000000075440000 - 0x0000000075475000 	C:\Program Files\Java\jre1.8.0_161\bin\jdwp.dll
0x0000000075430000 - 0x0000000075438000 	C:\Program Files\Java\jre1.8.0_161\bin\npt.dll
0x0000000074200000 - 0x0000000074216000 	C:\Program Files\Java\jre1.8.0_161\bin\zip.dll
0x00007ffcd8570000 - 0x00007ffcd99b0000 	C:\WINDOWS\System32\SHELL32.dll
0x00007ffcd8460000 - 0x00007ffcd8509000 	C:\WINDOWS\System32\shcore.dll
0x00007ffcd7940000 - 0x00007ffcd804d000 	C:\WINDOWS\System32\windows.storage.dll
0x00007ffcd8510000 - 0x00007ffcd8561000 	C:\WINDOWS\System32\shlwapi.dll
0x00007ffcd72e0000 - 0x00007ffcd72f1000 	C:\WINDOWS\System32\kernel.appcore.dll
0x00007ffcd72c0000 - 0x00007ffcd72df000 	C:\WINDOWS\System32\profapi.dll
0x00007ffcd7240000 - 0x00007ffcd728c000 	C:\WINDOWS\System32\powrprof.dll
0x00007ffcd7290000 - 0x00007ffcd729a000 	C:\WINDOWS\System32\FLTLIB.DLL
0x0000000075420000 - 0x0000000075429000 	C:\Program Files\Java\jre1.8.0_161\bin\dt_socket.dll
0x00007ffcc5220000 - 0x00007ffcc5236000 	C:\WINDOWS\system32\napinsp.dll
0x00007ffcc5200000 - 0x00007ffcc521a000 	C:\WINDOWS\system32\pnrpnsp.dll
0x00007ffccfa20000 - 0x00007ffccfa39000 	C:\WINDOWS\system32\NLAapi.dll
0x00007ffcd6a60000 - 0x00007ffcd6ac6000 	C:\WINDOWS\System32\mswsock.dll
0x00007ffcd6820000 - 0x00007ffcd68de000 	C:\WINDOWS\SYSTEM32\DNSAPI.dll
0x00007ffcdae30000 - 0x00007ffcdae38000 	C:\WINDOWS\System32\NSI.dll
0x00007ffcd67e0000 - 0x00007ffcd6818000 	C:\WINDOWS\SYSTEM32\IPHLPAPI.DLL
0x00007ffcc51f0000 - 0x00007ffcc51fe000 	C:\WINDOWS\System32\winrnr.dll
0x00007ffcd0310000 - 0x00007ffcd0325000 	C:\WINDOWS\System32\wshbth.dll
0x00007ffccef40000 - 0x00007ffccefb2000 	C:\WINDOWS\System32\fwpuclnt.dll
0x00007ffcd6d40000 - 0x00007ffcd6d65000 	C:\WINDOWS\SYSTEM32\bcrypt.dll
0x00007ffcceba0000 - 0x00007ffccebaa000 	C:\Windows\System32\rasadhlp.dll
0x00000000741e0000 - 0x00000000741fa000 	C:\Program Files\Java\jre1.8.0_161\bin\net.dll
0x00007ffcd6c10000 - 0x00007ffcd6c27000 	C:\WINDOWS\SYSTEM32\CRYPTSP.dll
0x00007ffcd6640000 - 0x00007ffcd6673000 	C:\WINDOWS\system32\rsaenh.dll
0x00007ffcd7140000 - 0x00007ffcd7168000 	C:\WINDOWS\SYSTEM32\USERENV.dll
0x00007ffcd6c30000 - 0x00007ffcd6c3b000 	C:\WINDOWS\SYSTEM32\CRYPTBASE.dll
0x00007ffccfa00000 - 0x00007ffccfa16000 	C:\WINDOWS\SYSTEM32\dhcpcsvc6.DLL
0x00007ffccf910000 - 0x00007ffccf92a000 	C:\WINDOWS\SYSTEM32\dhcpcsvc.DLL
0x00000000741c0000 - 0x00000000741d1000 	C:\Program Files\Java\jre1.8.0_161\bin\nio.dll
0x0000000074190000 - 0x00000000741b4000 	C:\Program Files\Java\jre1.8.0_161\bin\sunec.dll

VM Arguments:
jvm_args: -agentlib:jdwp=transport=dt_socket,suspend=y,address=localhost:55683 -ea -Dfile.encoding=Cp1252 
java_command: org.testng.remote.RemoteTestNG -serport 55682 -protocol json -d D:\Akash\BizQC\microsites\test-output C:\Users\Akash\AppData\Local\Temp\testng-eclipse-1093717273\testng-customsuite.xml
java_class_path (initial): C:\Users\Akash\eclipse\java-oxygen\eclipse\configuration\org.eclipse.osgi\513\0\.cp\lib\testng-remote.jar;C:\Program Files\Java\jre1.8.0_161\lib\resources.jar;C:\Program Files\Java\jre1.8.0_161\lib\rt.jar;C:\Program Files\Java\jre1.8.0_161\lib\jsse.jar;C:\Program Files\Java\jre1.8.0_161\lib\jce.jar;C:\Program Files\Java\jre1.8.0_161\lib\charsets.jar;C:\Program Files\Java\jre1.8.0_161\lib\jfr.jar;C:\Program Files\Java\jre1.8.0_161\lib\ext\access-bridge-64.jar;C:\Program Files\Java\jre1.8.0_161\lib\ext\cldrdata.jar;C:\Program Files\Java\jre1.8.0_161\lib\ext\dnsns.jar;C:\Program Files\Java\jre1.8.0_161\lib\ext\jaccess.jar;C:\Program Files\Java\jre1.8.0_161\lib\ext\jfxrt.jar;C:\Program Files\Java\jre1.8.0_161\lib\ext\localedata.jar;C:\Program Files\Java\jre1.8.0_161\lib\ext\nashorn.jar;C:\Program Files\Java\jre1.8.0_161\lib\ext\sunec.jar;C:\Program Files\Java\jre1.8.0_161\lib\ext\sunjce_provider.jar;C:\Program Files\Java\jre1.8.0_161\lib\ext\sunmscapi.jar;C:\Program Files\Java\jre1.8.0_161\lib\ext\sunpkcs11.jar;C:\Program Files\Java\jre1.8.0_161\lib\ext\zipfs.jar;D:\Akash\BizQC\microsites\bin;D:\Akash\aislend\CityMarket\lib\bsh-2.0b4.jar;D:\Akash\aislend\CityMarket\lib\bson-3.3.0.jar;D:\Akash\aislend\CityMarket\lib\byte-buddy-1.7.5.jar;D:\Akash\aislend\CityMarket\lib\cglib-nodep-3.2.4.jar;D:\Akash\aislend\CityMarket\lib\client-combined-3.0.1-nodeps.jar;D:\Akash\aislend\CityMarket\lib\client-combined-3.8.1.jar;D:\Akash\aislend\CityMarket\lib\client-combined-3.8.1-sources.jar;D:\Akash\aislend\CityMarket\lib\com.jcraft.jsch_0.1.31.jar;D:\Akash\aislend\CityMarket\lib\commons-codec-1.9.jar;D:\Akash\aislend\CityMarket\lib\commons-codec-1.10.jar;D:\Akash\aislend\CityMarket\lib\commons-collections4-4.1.jar;D:\Akash\aislend\CityMarket\lib\commons-exec-1.3.jar;D:\Akash\aislend\CityMarket\lib\commons-io-2.5.jar;D:\Akash\aislend\CityMarket\lib\commons-lang3-3.4.jar;D:\Akash\aislend\CityMarket\lib\commons-logging-1.2.jar;D:\Akash\aislend\CityMarket\lib\c
Launcher Type: SUN_STANDARD

Environment Variables:
JAVA_HOME=C:\Program Files\Java\jdk-10.0.1
PATH=C:/Program Files/Java/jre1.8.0_161/bin/server;C:/Program Files/Java/jre1.8.0_161/bin;C:/Program Files/Java/jre1.8.0_161/lib/amd64;C:\Program Files (x86)\Common Files\Oracle\Java\javapath;C:\ProgramData\Oracle\Java\javapath;C:\WINDOWS\system32;C:\WINDOWS;C:\WINDOWS\System32\Wbem;C:\WINDOWS\System32\WindowsPowerShell\v1.0\;C:\Program Files\Java\jdk-10.0.1\bin;C:\WINDOWS\System32\OpenSSH\;C:\Program Files\Git\cmd;C:\Program Files\Git\mingw64\bin;C:\Program Files\Git\usr\bin;C:\Program Files\nodejs\;C:\Users\Akash\AppData\Local\Android\Sdk\tools;C:\Users\Akash\AppData\Local\Microsoft\WindowsApps;C:\Users\Akash\AppData\Local\GitHubDesktop\bin;C:\Users\Akash\AppData\Local\Microsoft\WindowsApps;C:\Users\Akash\AppData\Roaming\npm;C:\Users\Akash\AppData\Local\Android\Sdk\platform-tools;C:\Users\Akash\AppData\Local\Android\Sdk\tools;;C:\WINDOWS\system32;
USERNAME=Akash
OS=Windows_NT
PROCESSOR_IDENTIFIER=Intel64 Family 6 Model 142 Stepping 9, GenuineIntel



---------------  S Y S T E M  ---------------

OS: Windows 10.0 , 64 bit Build 17134 (10.0.17134.1)

CPU:total 4 (initial active 4) (2 cores per cpu, 2 threads per core) family 6 model 142 stepping 9, cmov, cx8, fxsr, mmx, sse, sse2, sse3, ssse3, sse4.1, sse4.2, popcnt, avx, avx2, aes, clmul, erms, 3dnowpref, lzcnt, ht, tsc, tscinvbit, bmi1, bmi2, adx

Memory: 4k page, physical 8094716k(2342948k free), swap 26082036k(4126508k free)

vm_info: Java HotSpot(TM) 64-Bit Server VM (25.161-b12) for windows-amd64 JRE (1.8.0_161-b12), built on Dec 19 2017 17:52:25 by "java_re" with MS VC++ 10.0 (VS2010)

time: Sat Oct 06 12:29:38 2018
elapsed time: 549 seconds (0d 0h 9m 9s)

